{
  "stats": {
    "suites": 3,
    "tests": 6,
    "passes": 0,
    "pending": 0,
    "failures": 6,
    "start": "2021-08-04T01:25:39.250Z",
    "end": "2021-08-04T01:27:06.382Z",
    "duration": 87132,
    "testsRegistered": 6,
    "passPercent": 0,
    "pendingPercent": 0,
    "other": 0,
    "hasOther": false,
    "skipped": 0,
    "hasSkipped": false
  },
  "results": [
    {
      "uuid": "3ff8ae5f-78af-45f2-a4fa-9ec04b7cc75a",
      "title": "",
      "fullFile": "",
      "file": "",
      "beforeHooks": [],
      "afterHooks": [],
      "tests": [],
      "suites": [
        {
          "uuid": "3f33d4f3-ec70-4f1f-90ef-be585b85030a",
          "title": "Viewing product details",
          "fullFile": "",
          "file": "",
          "beforeHooks": [
            {
              "title": "\"before all\" hook: codeceptjs.beforeSuite in \"Viewing product details\"",
              "fullTitle": "Viewing product details \"before all\" hook: codeceptjs.beforeSuite in \"Viewing product details\"",
              "timedOut": false,
              "duration": 1,
              "state": null,
              "speed": null,
              "pass": false,
              "fail": false,
              "pending": false,
              "context": null,
              "code": "scenario.suiteSetup(suite)",
              "err": {},
              "uuid": "4b970002-85d7-4855-8ad9-d28cd1d8f914",
              "parentUUID": "3f33d4f3-ec70-4f1f-90ef-be585b85030a",
              "isHook": true,
              "skipped": false
            },
            {
              "title": "\"before each\" hook: codeceptjs.before in \"Viewing product details\"",
              "fullTitle": "Viewing product details \"before each\" hook: codeceptjs.before in \"Viewing product details\"",
              "timedOut": false,
              "duration": 7501,
              "state": null,
              "speed": null,
              "pass": false,
              "fail": false,
              "pending": false,
              "context": null,
              "code": "scenario.setup(suite)",
              "err": {},
              "uuid": "fc0f3d9d-ae4c-44eb-af01-f75bf9266df7",
              "parentUUID": "3f33d4f3-ec70-4f1f-90ef-be585b85030a",
              "isHook": true,
              "skipped": false
            }
          ],
          "afterHooks": [
            {
              "title": "\"after all\" hook: codeceptjs.afterSuite in \"Viewing product details\"",
              "fullTitle": "Viewing product details \"after all\" hook: codeceptjs.afterSuite in \"Viewing product details\"",
              "timedOut": false,
              "duration": 6,
              "state": null,
              "speed": null,
              "pass": false,
              "fail": false,
              "pending": false,
              "context": null,
              "code": "scenario.suiteTeardown(suite)",
              "err": {},
              "uuid": "c894c6b3-6651-4ed8-86b1-c5189b06d3a5",
              "parentUUID": "3f33d4f3-ec70-4f1f-90ef-be585b85030a",
              "isHook": true,
              "skipped": false
            },
            {
              "title": "\"after each\" hook: codeceptjs.after in \"Viewing product details\"",
              "fullTitle": "Viewing product details \"after each\" hook: codeceptjs.after in \"Viewing product details\"",
              "timedOut": false,
              "duration": 381,
              "state": null,
              "speed": null,
              "pass": false,
              "fail": false,
              "pending": false,
              "context": null,
              "code": "scenario.teardown(suite)",
              "err": {},
              "uuid": "ab9ce495-4473-4746-a2ee-fa7508483ed1",
              "parentUUID": "3f33d4f3-ec70-4f1f-90ef-be585b85030a",
              "isHook": true,
              "skipped": false
            }
          ],
          "tests": [
            {
              "title": "Select a product",
              "fullTitle": "Viewing product details Select a product",
              "timedOut": false,
              "duration": 6152,
              "state": "failed",
              "speed": null,
              "pass": false,
              "fail": true,
              "pending": false,
              "context": "\"Select_a_p_428472a2-2545-42d0-acfa-63031901f564.failed.png\"",
              "code": "runSteps(child.steps)",
              "err": {
                "message": "unknown command: The requested resource could not be found, or a request was received using an HTTP method that is not supported by the mapped resource",
                "estack": "unknown command: The requested resource could not be found, or a request was received using an HTTP method that is not supported by the mapped resource\n    at Object.getErrorFromResponseBody (node_modules/webdriver/build/utils.js:189:12)\n    at NodeJSRequest._request (node_modules/webdriver/build/request/index.js:157:31)\n    at processTicksAndRejections (internal/process/task_queues.js:93:5)\n    at async Browser.wrapCommandFn (node_modules/@wdio/utils/build/shim.js:103:29)",
                "diff": null
              },
              "uuid": "428472a2-2545-42d0-acfa-63031901f564",
              "parentUUID": "3f33d4f3-ec70-4f1f-90ef-be585b85030a",
              "isHook": false,
              "skipped": false
            }
          ],
          "suites": [],
          "passes": [],
          "failures": [
            "428472a2-2545-42d0-acfa-63031901f564"
          ],
          "pending": [],
          "skipped": [],
          "duration": 6152,
          "root": false,
          "rootEmpty": false,
          "_timeout": 0
        },
        {
          "uuid": "ccb00b6f-99cc-4668-9372-0c3bdb313537",
          "title": "Loging in",
          "fullFile": "",
          "file": "",
          "beforeHooks": [
            {
              "title": "\"before all\" hook: codeceptjs.beforeSuite in \"Loging in\"",
              "fullTitle": "Loging in \"before all\" hook: codeceptjs.beforeSuite in \"Loging in\"",
              "timedOut": false,
              "duration": 0,
              "state": null,
              "speed": null,
              "pass": false,
              "fail": false,
              "pending": false,
              "context": null,
              "code": "scenario.suiteSetup(suite)",
              "err": {},
              "uuid": "a745a969-5a1c-46b3-adb8-66d0519fd6f2",
              "parentUUID": "ccb00b6f-99cc-4668-9372-0c3bdb313537",
              "isHook": true,
              "skipped": false
            },
            {
              "title": "\"before each\" hook: codeceptjs.before in \"Loging in\"",
              "fullTitle": "Loging in \"before each\" hook: codeceptjs.before in \"Loging in\"",
              "timedOut": false,
              "duration": 8452,
              "state": null,
              "speed": null,
              "pass": false,
              "fail": false,
              "pending": false,
              "context": null,
              "code": "scenario.setup(suite)",
              "err": {},
              "uuid": "d343f217-f6e1-4474-9428-4ada4678011b",
              "parentUUID": "ccb00b6f-99cc-4668-9372-0c3bdb313537",
              "isHook": true,
              "skipped": false
            }
          ],
          "afterHooks": [
            {
              "title": "\"after all\" hook: codeceptjs.afterSuite in \"Loging in\"",
              "fullTitle": "Loging in \"after all\" hook: codeceptjs.afterSuite in \"Loging in\"",
              "timedOut": false,
              "duration": 3,
              "state": null,
              "speed": null,
              "pass": false,
              "fail": false,
              "pending": false,
              "context": null,
              "code": "scenario.suiteTeardown(suite)",
              "err": {},
              "uuid": "226f2276-c541-446a-8f0a-195107d71936",
              "parentUUID": "ccb00b6f-99cc-4668-9372-0c3bdb313537",
              "isHook": true,
              "skipped": false
            },
            {
              "title": "\"after each\" hook: codeceptjs.after in \"Loging in\"",
              "fullTitle": "Loging in \"after each\" hook: codeceptjs.after in \"Loging in\"",
              "timedOut": false,
              "duration": 364,
              "state": null,
              "speed": null,
              "pass": false,
              "fail": false,
              "pending": false,
              "context": null,
              "code": "scenario.teardown(suite)",
              "err": {},
              "uuid": "a2e116ee-0596-44a8-b90c-bbb841217500",
              "parentUUID": "ccb00b6f-99cc-4668-9372-0c3bdb313537",
              "isHook": true,
              "skipped": false
            }
          ],
          "tests": [
            {
              "title": "successful login",
              "fullTitle": "Loging in successful login",
              "timedOut": false,
              "duration": 6171,
              "state": "failed",
              "speed": null,
              "pass": false,
              "fail": true,
              "pending": false,
              "context": "\"successful_acaeccc2-2a79-4ea0-a104-4b40470b91da.failed.png\"",
              "code": "runSteps(child.steps)",
              "err": {
                "message": "unknown command: The requested resource could not be found, or a request was received using an HTTP method that is not supported by the mapped resource",
                "estack": "unknown command: The requested resource could not be found, or a request was received using an HTTP method that is not supported by the mapped resource\n    at Object.getErrorFromResponseBody (node_modules/webdriver/build/utils.js:189:12)\n    at NodeJSRequest._request (node_modules/webdriver/build/request/index.js:157:31)\n    at processTicksAndRejections (internal/process/task_queues.js:93:5)\n    at async Browser.wrapCommandFn (node_modules/@wdio/utils/build/shim.js:103:29)",
                "diff": null
              },
              "uuid": "acaeccc2-2a79-4ea0-a104-4b40470b91da",
              "parentUUID": "ccb00b6f-99cc-4668-9372-0c3bdb313537",
              "isHook": false,
              "skipped": false
            },
            {
              "title": "failed login",
              "fullTitle": "Loging in failed login",
              "timedOut": false,
              "duration": 5891,
              "state": "failed",
              "speed": null,
              "pass": false,
              "fail": true,
              "pending": false,
              "context": "\"failed_log_caf6f0fc-cdbd-48ad-9eb2-6377c4611030.failed.png\"",
              "code": "runSteps(child.steps)",
              "err": {
                "message": "unknown command: The requested resource could not be found, or a request was received using an HTTP method that is not supported by the mapped resource",
                "estack": "unknown command: The requested resource could not be found, or a request was received using an HTTP method that is not supported by the mapped resource\n    at Object.getErrorFromResponseBody (node_modules/webdriver/build/utils.js:189:12)\n    at NodeJSRequest._request (node_modules/webdriver/build/request/index.js:157:31)\n    at processTicksAndRejections (internal/process/task_queues.js:93:5)\n    at async Browser.wrapCommandFn (node_modules/@wdio/utils/build/shim.js:103:29)",
                "diff": null
              },
              "uuid": "caf6f0fc-cdbd-48ad-9eb2-6377c4611030",
              "parentUUID": "ccb00b6f-99cc-4668-9372-0c3bdb313537",
              "isHook": false,
              "skipped": false
            }
          ],
          "suites": [],
          "passes": [],
          "failures": [
            "acaeccc2-2a79-4ea0-a104-4b40470b91da",
            "caf6f0fc-cdbd-48ad-9eb2-6377c4611030"
          ],
          "pending": [],
          "skipped": [],
          "duration": 12062,
          "root": false,
          "rootEmpty": false,
          "_timeout": 0
        },
        {
          "uuid": "363019b3-a80a-474b-95a8-88b12070c98c",
          "title": "login",
          "fullFile": "/Users/thomastupper/appium-codecept-POC/android/login_test.js",
          "file": "/android/login_test.js",
          "beforeHooks": [
            {
              "title": "\"before all\" hook: codeceptjs.beforeSuite in \"login\"",
              "fullTitle": "login \"before all\" hook: codeceptjs.beforeSuite in \"login\"",
              "timedOut": false,
              "duration": 0,
              "state": null,
              "speed": null,
              "pass": false,
              "fail": false,
              "pending": false,
              "context": null,
              "code": "scenario.suiteSetup(suite)",
              "err": {},
              "uuid": "f3c0cfd7-c097-454e-bbac-046fc4bc4a27",
              "parentUUID": "363019b3-a80a-474b-95a8-88b12070c98c",
              "isHook": true,
              "skipped": false
            },
            {
              "title": "\"before each\" hook: codeceptjs.before in \"login\"",
              "fullTitle": "login \"before each\" hook: codeceptjs.before in \"login\"",
              "timedOut": false,
              "duration": 8143,
              "state": null,
              "speed": null,
              "pass": false,
              "fail": false,
              "pending": false,
              "context": null,
              "code": "scenario.setup(suite)",
              "err": {},
              "uuid": "397db704-f9fd-427f-9c78-fa17c6448953",
              "parentUUID": "363019b3-a80a-474b-95a8-88b12070c98c",
              "isHook": true,
              "skipped": false
            }
          ],
          "afterHooks": [
            {
              "title": "\"after all\" hook: codeceptjs.afterSuite in \"login\"",
              "fullTitle": "login \"after all\" hook: codeceptjs.afterSuite in \"login\"",
              "timedOut": false,
              "duration": 3,
              "state": null,
              "speed": null,
              "pass": false,
              "fail": false,
              "pending": false,
              "context": null,
              "code": "scenario.suiteTeardown(suite)",
              "err": {},
              "uuid": "f66661e5-7ee7-419d-95b6-aa1a10728f94",
              "parentUUID": "363019b3-a80a-474b-95a8-88b12070c98c",
              "isHook": true,
              "skipped": false
            },
            {
              "title": "\"after each\" hook: finalize codeceptjs in \"login\"",
              "fullTitle": "login \"after each\" hook: finalize codeceptjs in \"login\"",
              "timedOut": false,
              "duration": 329,
              "state": null,
              "speed": null,
              "pass": false,
              "fail": false,
              "pending": false,
              "context": null,
              "code": "scenario.teardown(suite)",
              "err": {},
              "uuid": "8e491e91-4c0e-47aa-abbc-e5e369df5ca0",
              "parentUUID": "363019b3-a80a-474b-95a8-88b12070c98c",
              "isHook": true,
              "skipped": false
            }
          ],
          "tests": [
            {
              "title": "I should be able to login with the correct username and password",
              "fullTitle": "login: I should be able to login with the correct username and password",
              "timedOut": false,
              "duration": 6005,
              "state": "failed",
              "speed": null,
              "pass": false,
              "fail": true,
              "pending": false,
              "context": "\"I_should_b_87f65830-6b59-420c-bdee-a1d707bc5321.failed.png\"",
              "code": "I }) => {\n  setTimeout(() => {\n    I.see('Username');\n  }, 3000);\n  I.click('//XCUIElementTypeTextField[@name=\"test-Username\"]');\n  I.fillField('//XCUIElementTypeTextField[@name=\"test-Username\"]', 'standard_user');\n  I.click('//XCUIElementTypeSecureTextField[@name=\"test-Password\"]');\n  I.fillField('//XCUIElementTypeSecureTextField[@name=\"test-Password\"]', 'secret_sauce');\n  I.click('//XCUIElementTypeOther[@name=\"test-LOGIN\"]');\n  I.waitForElement('(//XCUIElementTypeStaticText[@name=\"test-Item title\"])[1]', 3)\n  I.dontSeeElement('//XCUIElementTypeStaticText[@name=\"Username and password do not match any user in this service.\"]');",
              "err": {
                "message": "Error: Clickable element \"//XCUIElementTypeTextField[@name=\"test-Username\"]\" was not found by text|CSS|XPath",
                "estack": "Error: Clickable element \"//XCUIElementTypeTextField[@name=\"test-Username\"]\" was not found by text|CSS|XPath\n    at new ElementNotFound (node_modules/codeceptjs/lib/helper/errors/ElementNotFound.js:14:11)\n    at assertElementExists (node_modules/codeceptjs/lib/helper/WebDriver.js:2837:11)\n    at Appium.click (node_modules/codeceptjs/lib/helper/WebDriver.js:917:7)\n    at processTicksAndRejections (internal/process/task_queues.js:93:5)",
                "diff": null
              },
              "uuid": "87f65830-6b59-420c-bdee-a1d707bc5321",
              "parentUUID": "363019b3-a80a-474b-95a8-88b12070c98c",
              "isHook": false,
              "skipped": false
            },
            {
              "title": "I should not be able to login with an incorrect username or password",
              "fullTitle": "login: I should not be able to login with an incorrect username or password",
              "timedOut": false,
              "duration": 6529,
              "state": "failed",
              "speed": null,
              "pass": false,
              "fail": true,
              "pending": false,
              "context": "\"I_should_n_b376031f-8618-4d64-af0b-8969718666f4.failed.png\"",
              "code": "I }) => {\n  setTimeout(() => {\n    I.see('Username');\n  }, 3000);\n  I.click('//XCUIElementTypeTextField[@name=\"test-Username\"]');\n  I.fillField('//XCUIElementTypeTextField[@name=\"test-Username\"]', 'bob');\n  I.click('//XCUIElementTypeSecureTextField[@name=\"test-Password\"]');\n  I.fillField('//XCUIElementTypeSecureTextField[@name=\"test-Password\"]', 'secret_sauce');\n  I.click('//XCUIElementTypeOther[@name=\"test-LOGIN\"]');\n  I.seeElement('//XCUIElementTypeStaticText[@name=\"Username and password do not match any user in this service.\"]');\n  I.dontSeeElement('(//XCUIElementTypeStaticText[@name=\"test-Item title\"])[1]');",
              "err": {
                "message": "Error: Clickable element \"//XCUIElementTypeTextField[@name=\"test-Username\"]\" was not found by text|CSS|XPath",
                "estack": "Error: Clickable element \"//XCUIElementTypeTextField[@name=\"test-Username\"]\" was not found by text|CSS|XPath\n    at new ElementNotFound (node_modules/codeceptjs/lib/helper/errors/ElementNotFound.js:14:11)\n    at assertElementExists (node_modules/codeceptjs/lib/helper/WebDriver.js:2837:11)\n    at Appium.click (node_modules/codeceptjs/lib/helper/WebDriver.js:917:7)\n    at processTicksAndRejections (internal/process/task_queues.js:93:5)",
                "diff": null
              },
              "uuid": "b376031f-8618-4d64-af0b-8969718666f4",
              "parentUUID": "363019b3-a80a-474b-95a8-88b12070c98c",
              "isHook": false,
              "skipped": false
            },
            {
              "title": "I should be able to see details",
              "fullTitle": "login: I should be able to see details",
              "timedOut": false,
              "duration": 6645,
              "state": "failed",
              "speed": null,
              "pass": false,
              "fail": true,
              "pending": false,
              "context": "\"I_should_b_c351f43a-648e-4f43-aee6-350bcdaca060.failed.png\"",
              "code": "I }) => {\n  // login\n  setTimeout(() => {\n    I.see('Username');\n  }, 3000);\n  I.click('//XCUIElementTypeTextField[@name=\"test-Username\"]');\n  I.fillField('//XCUIElementTypeTextField[@name=\"test-Username\"]', 'standard_user');\n  I.click('//XCUIElementTypeSecureTextField[@name=\"test-Password\"]');\n  I.fillField('//XCUIElementTypeSecureTextField[@name=\"test-Password\"]', 'secret_sauce');\n  I.click('//XCUIElementTypeOther[@name=\"test-LOGIN\"]');\n  I.waitForElement('(//XCUIElementTypeStaticText[@name=\"test-Item title\"])[1]', 3);\n  // should be able to click an image to get details\n  I.click('(//XCUIElementTypeStaticText[@name=\"test-Item title\"])[1]')\n  I.seeElement('//XCUIElementTypeStaticText[@name=\"carry.allTheThings() with the sleek, streamlined Sly Pack that melds uncompromising style with unequaled laptop and tablet protection.\"]');\n  I.click('//XCUIElementTypeOther[@name=\"test-BACK TO PRODUCTS\"]');\n  // should be able to click a label to see details\n  I.click('(//XCUIElementTypeStaticText[@name=\"test-Item title\"])[2]');\n  I.seeElement('//XCUIElementTypeStaticText[@name=\"A red light isn\\'t the desired state in testing but it sure helps when riding your bike at night. Water-resistant with 3 lighting modes, 1 AAA battery included.\"]');\n  I.click('//XCUIElementTypeOther[@name=\"test-BACK TO PRODUCTS\"]');",
              "err": {
                "message": "Error: Clickable element \"//XCUIElementTypeTextField[@name=\"test-Username\"]\" was not found by text|CSS|XPath",
                "estack": "Error: Clickable element \"//XCUIElementTypeTextField[@name=\"test-Username\"]\" was not found by text|CSS|XPath\n    at new ElementNotFound (node_modules/codeceptjs/lib/helper/errors/ElementNotFound.js:14:11)\n    at assertElementExists (node_modules/codeceptjs/lib/helper/WebDriver.js:2837:11)\n    at Appium.click (node_modules/codeceptjs/lib/helper/WebDriver.js:917:7)\n    at processTicksAndRejections (internal/process/task_queues.js:93:5)",
                "diff": null
              },
              "uuid": "c351f43a-648e-4f43-aee6-350bcdaca060",
              "parentUUID": "363019b3-a80a-474b-95a8-88b12070c98c",
              "isHook": false,
              "skipped": false
            }
          ],
          "suites": [],
          "passes": [],
          "failures": [
            "87f65830-6b59-420c-bdee-a1d707bc5321",
            "b376031f-8618-4d64-af0b-8969718666f4",
            "c351f43a-648e-4f43-aee6-350bcdaca060"
          ],
          "pending": [],
          "skipped": [],
          "duration": 19179,
          "root": false,
          "rootEmpty": false,
          "_timeout": 0
        }
      ],
      "passes": [],
      "failures": [],
      "pending": [],
      "skipped": [],
      "duration": 0,
      "root": true,
      "rootEmpty": true,
      "_timeout": 0
    }
  ],
  "meta": {
    "mocha": {
      "version": "9.0.3"
    },
    "mochawesome": {
      "options": {
        "quiet": false,
        "reportFilename": "mochawesome",
        "saveHtml": true,
        "saveJson": true,
        "consoleReporter": "spec",
        "useInlineDiffs": false,
        "code": true
      },
      "version": "6.2.2"
    },
    "marge": {
      "options": {
        "mochawesome": {
          "stdout": "./output/console.log",
          "options": {
            "reportDir": "./output",
            "reportFilename": "report"
          }
        },
        "mocha-junit-reporter": {
          "stdout": "./output/console.log",
          "options": {
            "mochaFile": "./output/result.xml",
            "attachments": true
          }
        },
        "codeceptjs/lib/cli": {
          "stdout": "-",
          "options": {
            "verbose": true,
            "steps": true
          }
        }
      },
      "version": "5.2.0"
    }
  }
}